[[2020-09-07 09:53:31.253622] I [MSGID: 100030] [glusterfsd.c:2685:main] 0-/usr/local/sbin/glusterd: Started running version [{arg=/usr/local/sbin/glusterd}, {version=2020.09.07}, {cmdlinestr=/usr/local/sbin/glusterd -p /var/run/glusterd.pid --log-level INFO}] 
[2020-09-07 09:53:31.256039] I [glusterfsd.c:2420:daemonize] 0-glusterfs: Pid of current running process is 107864
[2020-09-07 09:53:31.257548] I [MSGID: 106478] [glusterd.c:1433:init] 0-management: Maximum allowed open file descriptors set to 65536 
[2020-09-07 09:53:31.257574] I [MSGID: 106479] [glusterd.c:1509:init] 0-management: Using /var/lib/glusterd as working directory 
[2020-09-07 09:53:31.257580] I [MSGID: 106479] [glusterd.c:1515:init] 0-management: Using /var/run/gluster as pid file working directory 
[2020-09-07 09:53:31.259468] I [socket.c:986:__socket_server_bind] 0-socket.management: process started listening on port (24007)
[2020-09-07 09:53:31.260550] I [socket.c:929:__socket_server_bind] 0-socket.management: closing (AF_UNIX) reuse check socket 12
[2020-09-07 09:53:31.260869] I [MSGID: 106059] [glusterd.c:1899:init] 0-management: max-port override: 60999 
[2020-09-07 09:53:32.515045] I [MSGID: 106513] [glusterd-store.c:2131:glusterd_restore_op_version] 0-glusterd: retrieved op-version: 80000 
[2020-09-07 09:53:32.515155] I [MSGID: 106194] [glusterd-store.c:3976:glusterd_store_retrieve_missed_snaps_list] 0-management: No missed snaps list. 
Final graph:
+------------------------------------------------------------------------------+
  1: volume management
  2:     type mgmt/glusterd
  3:     option rpc-auth.auth-glusterfs on
  4:     option rpc-auth.auth-unix on
  5:     option rpc-auth.auth-null on
  6:     option rpc-auth-allow-insecure on
  7:     option transport.listen-backlog 1024
  8:     option max-port 60999
  9:     option event-threads 1
 10:     option ping-timeout 0
 11:     option transport.socket.listen-port 24007
 12:     option transport.socket.read-fail-log off
 13:     option transport.socket.keepalive-interval 2
 14:     option transport.socket.keepalive-time 10
 15:     option transport-type socket
 16:     option working-directory /var/lib/glusterd
 17: end-volume
 18:  
+------------------------------------------------------------------------------+
[2020-09-07 09:53:32.515512] I [MSGID: 101190] [event-epoll.c:670:event_dispatch_epoll_worker] 0-epoll: Started thread with index [{index=0}] 
[2020-09-07 09:53:33.260653] I [MSGID: 106496] [glusterd-handshake.c:945:__server_getspec] 0-management: Received mount request for volume train1_vol 
[2020-09-07 09:53:33.266047] E [MSGID: 106176] [glusterd-handshake.c:1111:__server_getspec] 0-management: Failed to mount the volume 
[2020-09-07 09:53:33.462128] I [MSGID: 106496] [glusterd-handshake.c:945:__server_getspec] 0-management: Received mount request for volume train1_vol 
[2020-09-07 09:53:33.466015] E [MSGID: 106176] [glusterd-handshake.c:1111:__server_getspec] 0-management: Failed to mount the volume 
[2020-09-07 09:53:33.643067] I [MSGID: 106496] [glusterd-handshake.c:945:__server_getspec] 0-management: Received mount request for volume train1_vol 
[2020-09-07 09:53:33.647330] E [MSGID: 106176] [glusterd-handshake.c:1111:__server_getspec] 0-management: Failed to mount the volume 
[2020-09-07 09:53:33.704677] I [MSGID: 106496] [glusterd-handshake.c:945:__server_getspec] 0-management: Received mount request for volume train1_vol 
[2020-09-07 09:53:33.709332] E [MSGID: 106176] [glusterd-handshake.c:1111:__server_getspec] 0-management: Failed to mount the volume 
[2020-09-07 09:53:34.050293] I [MSGID: 106496] [glusterd-handshake.c:945:__server_getspec] 0-management: Received mount request for volume /registry_vol 
[2020-09-07 09:53:34.054756] E [MSGID: 106176] [glusterd-handshake.c:1111:__server_getspec] 0-management: Failed to mount the volume 
[2020-09-07 09:53:34.110592] I [MSGID: 106496] [glusterd-handshake.c:945:__server_getspec] 0-management: Received mount request for volume /train_hot3_vol 
[2020-09-07 09:53:34.115271] E [MSGID: 106176] [glusterd-handshake.c:1111:__server_getspec] 0-management: Failed to mount the volume 
[2020-09-07 09:53:34.367350] I [MSGID: 106496] [glusterd-handshake.c:945:__server_getspec] 0-management: Received mount request for volume train1_vol 
[2020-09-07 09:53:34.371326] E [MSGID: 106176] [glusterd-handshake.c:1111:__server_getspec] 0-management: Failed to mount the volume 
[2020-09-07 09:55:20.672078] I [MSGID: 106544] [glusterd.c:154:glusterd_uuid_init] 0-management: retrieved UUID: ee93f447-eca4-4daa-9808-4c4f17626bb0 
[2020-09-07 09:55:20.726088] I [MSGID: 106496] [glusterd-handshake.c:945:__server_getspec] 0-management: Received mount request for volume train1_vol 
[2020-09-07 09:55:20.731264] E [MSGID: 106176] [glusterd-handshake.c:1111:__server_getspec] 0-management: Failed to mount the volume 
[2020-09-07 09:55:20.731307] I [MSGID: 106496] [glusterd-handshake.c:945:__server_getspec] 0-management: Received mount request for volume train1_vol 
[2020-09-07 09:55:20.735597] E [MSGID: 106176] [glusterd-handshake.c:1111:__server_getspec] 0-management: Failed to mount the volume 
[2020-09-07 09:55:20.735632] I [MSGID: 106496] [glusterd-handshake.c:945:__server_getspec] 0-management: Received mount request for volume train1_vol 
[2020-09-07 09:55:20.739856] E [MSGID: 106176] [glusterd-handshake.c:1111:__server_getspec] 0-management: Failed to mount the volume 
[2020-09-07 09:55:20.739888] I [MSGID: 106496] [glusterd-handshake.c:945:__server_getspec] 0-management: Received mount request for volume train1_vol 
[2020-09-07 09:55:20.744125] E [MSGID: 106176] [glusterd-handshake.c:1111:__server_getspec] 0-management: Failed to mount the volume 
[2020-09-07 09:55:20.744157] I [MSGID: 106496] [glusterd-handshake.c:945:__server_getspec] 0-management: Received mount request for volume /train_hot3_vol 
[2020-09-07 09:55:20.748394] E [MSGID: 106176] [glusterd-handshake.c:1111:__server_getspec] 0-management: Failed to mount the volume 
[2020-09-07 09:55:20.748424] I [MSGID: 106496] [glusterd-handshake.c:945:__server_getspec] 0-management: Received mount request for volume train1_vol 
[2020-09-07 09:55:20.752665] E [MSGID: 106176] [glusterd-handshake.c:1111:__server_getspec] 0-management: Failed to mount the volume 
[2020-09-07 09:55:20.752695] I [MSGID: 106496] [glusterd-handshake.c:945:__server_getspec] 0-management: Received mount request for volume /registry_vol 
[2020-09-07 09:55:20.756933] E [MSGID: 106176] [glusterd-handshake.c:1111:__server_getspec] 0-management: Failed to mount the volume 
[2020-09-07 09:55:48.494407] I [rpc-clnt.c:1018:rpc_clnt_connection_init] 0-snapd: setting frame-timeout to 600
[2020-09-07 09:55:48.494526] I [rpc-clnt.c:1018:rpc_clnt_connection_init] 0-gfproxyd: setting frame-timeout to 600
[2020-09-07 09:55:48.531543] I [MSGID: 106496] [glusterd-handshake.c:945:__server_getspec] 0-management: Received mount request for volume train1_vol 
[2020-09-07 09:55:48.536241] E [MSGID: 106176] [glusterd-handshake.c:1111:__server_getspec] 0-management: Failed to mount the volume 
[2020-09-07 09:55:48.536291] I [MSGID: 106496] [glusterd-handshake.c:945:__server_getspec] 0-management: Received mount request for volume /train_hot3_vol 
[2020-09-07 09:55:48.540959] I [MSGID: 106496] [glusterd-handshake.c:945:__server_getspec] 0-management: Received mount request for volume /registry_vol 
[2020-09-07 09:56:02.027891] I [MSGID: 106061] [glusterd-volume-ops.c:2589:glusterd_op_start_volume] 0-management: Global dict not present. 
[2020-09-07 09:56:02.027929] I [glusterd-utils.c:6612:glusterd_brick_start] 0-management: starting a fresh brick process for brick /glusterfs/data1/brick
[2020-09-07 09:56:02.037289] I [MSGID: 106496] [glusterd-handshake.c:945:__server_getspec] 0-management: Received mount request for volume dht_debug.172.25.78.14.glusterfs-data1-brick 
[2020-09-07 09:56:02.075768] I [MSGID: 106142] [glusterd-pmap.c:290:pmap_registry_bind] 0-pmap: adding brick /glusterfs/data1/brick on port 49152 
[2020-09-07 09:56:02.076138] I [rpc-clnt.c:1018:rpc_clnt_connection_init] 0-management: setting frame-timeout to 600
[2020-09-07 09:56:02.076403] I [glusterd-utils.c:6612:glusterd_brick_start] 0-management: starting a fresh brick process for brick /glusterfs/data2/brick
[2020-09-07 09:56:02.086252] I [MSGID: 106496] [glusterd-handshake.c:945:__server_getspec] 0-management: Received mount request for volume dht_debug.172.25.78.14.glusterfs-data2-brick 
[2020-09-07 09:56:02.122740] I [MSGID: 106142] [glusterd-pmap.c:290:pmap_registry_bind] 0-pmap: adding brick /glusterfs/data2/brick on port 49153 
[2020-09-07 09:56:02.123085] I [rpc-clnt.c:1018:rpc_clnt_connection_init] 0-management: setting frame-timeout to 600
[2020-09-07 09:56:02.123221] I [glusterd-utils.c:6612:glusterd_brick_start] 0-management: starting a fresh brick process for brick /glusterfs/data3/brick
[2020-09-07 09:56:02.132014] I [MSGID: 106496] [glusterd-handshake.c:945:__server_getspec] 0-management: Received mount request for volume dht_debug.172.25.78.14.glusterfs-data3-brick 
[2020-09-07 09:56:02.180937] I [MSGID: 106142] [glusterd-pmap.c:290:pmap_registry_bind] 0-pmap: adding brick /glusterfs/data3/brick on port 49154 
[2020-09-07 09:56:02.181268] I [rpc-clnt.c:1018:rpc_clnt_connection_init] 0-management: setting frame-timeout to 600
[2020-09-07 09:56:02.184553] I [rpc-clnt.c:1018:rpc_clnt_connection_init] 0-nfs: setting frame-timeout to 600
[2020-09-07 09:56:02.184636] I [MSGID: 106131] [glusterd-proc-mgmt.c:86:glusterd_proc_stop] 0-management: nfs already stopped 
[2020-09-07 09:56:02.184655] I [MSGID: 106568] [glusterd-svc-mgmt.c:265:glusterd_svc_stop] 0-management: nfs service is stopped 
[2020-09-07 09:56:02.184828] I [rpc-clnt.c:1018:rpc_clnt_connection_init] 0-quotad: setting frame-timeout to 600
[2020-09-07 09:56:02.185001] I [rpc-clnt.c:1018:rpc_clnt_connection_init] 0-bitd: setting frame-timeout to 600
[2020-09-07 09:56:02.185096] I [MSGID: 106131] [glusterd-proc-mgmt.c:86:glusterd_proc_stop] 0-management: bitd already stopped 
[2020-09-07 09:56:02.185105] I [MSGID: 106568] [glusterd-svc-mgmt.c:265:glusterd_svc_stop] 0-management: bitd service is stopped 
[2020-09-07 09:56:02.185128] I [rpc-clnt.c:1018:rpc_clnt_connection_init] 0-scrub: setting frame-timeout to 600
[2020-09-07 09:56:02.185219] I [MSGID: 106131] [glusterd-proc-mgmt.c:86:glusterd_proc_stop] 0-management: scrub already stopped 
[2020-09-07 09:56:02.185226] I [MSGID: 106568] [glusterd-svc-mgmt.c:265:glusterd_svc_stop] 0-management: scrub service is stopped 
[2020-09-07 09:57:29.755240] I [MSGID: 106496] [glusterd-handshake.c:945:__server_getspec] 0-management: Received mount request for volume dht_debug 
[2020-09-07 09:55:49.887671] I [MSGID: 106496] [glusterd-handshake.c:945:__server_getspec] 0-management: Received mount request for volume /train_hot3_vol 
The message "I [MSGID: 106496] [glusterd-handshake.c:945:__server_getspec] 0-management: Received mount request for volume train1_vol" repeated 9 times between [2020-09-07 09:55:48.531543] and [2020-09-07 09:55:49.896201]
[2020-09-07 09:55:49.900495] I [MSGID: 106496] [glusterd-handshake.c:945:__server_getspec] 0-management: Received mount request for volume /registry_vol 
The message "E [MSGID: 106176] [glusterd-handshake.c:1111:__server_getspec] 0-management: Failed to mount the volume" repeated 13 times between [2020-09-07 09:55:48.536241] and [2020-09-07 09:55:49.904771]
[2020-09-07 10:01:01.257055] I [MSGID: 106496] [glusterd-handshake.c:945:__server_getspec] 0-management: Received mount request for volume /registry_vol 
[2020-09-07 10:01:01.262614] E [MSGID: 106176] [glusterd-handshake.c:1111:__server_getspec] 0-management: Failed to mount the volume 
[2020-09-07 10:01:01.813346] I [MSGID: 106496] [glusterd-handshake.c:945:__server_getspec] 0-management: Received mount request for volume /train_hot3_vol 
[2020-09-07 10:01:01.817488] I [MSGID: 106496] [glusterd-handshake.c:945:__server_getspec] 0-management: Received mount request for volume train1_vol 
The message "I [MSGID: 106496] [glusterd-handshake.c:945:__server_getspec] 0-management: Received mount request for volume train1_vol" repeated 4 times between [2020-09-07 10:01:01.817488] and [2020-09-07 10:01:01.833481]
The message "E [MSGID: 106176] [glusterd-handshake.c:1111:__server_getspec] 0-management: Failed to mount the volume" repeated 6 times between [2020-09-07 10:01:01.262614] and [2020-09-07 10:01:01.837399]
